Arguments: 
  /usr/local/bin/node /opt/yarn-v1.22.5/bin/yarn.js add gulp-cli

PATH: 
  /usr/local/sbin:/usr/local/bin:/usr/sbin:/usr/bin:/sbin:/bin

Yarn version: 
  1.22.5

Node version: 
  15.4.0

Platform: 
  linux x64

Trace: 
  Error: EACCES: permission denied, mkdir '/app/node_modules/ansi-gray'

npm manifest: 
  {
    "dependencies": {
      "@types/lodash": "^4.14.161",
      "@types/screeps": "^3.1.3"
    }
  }

yarn manifest: 
  No manifest

Lockfile: 
  # THIS IS AN AUTOGENERATED FILE. DO NOT EDIT THIS FILE DIRECTLY.
  # yarn lockfile v1
  
  
  "@types/lodash@^4.14.161":
    version "4.14.161"
    resolved "https://registry.yarnpkg.com/@types/lodash/-/lodash-4.14.161.tgz#a21ca0777dabc6e4f44f3d07f37b765f54188b18"
    integrity sha512-EP6O3Jkr7bXvZZSZYlsgt5DIjiGr0dXP1/jVEwVLTFgg0d+3lWVQkRavYVQszV7dYUwvg0B8R0MBDpcmXg7XIA==
  
  "@types/screeps@^3.1.3":
    version "3.1.3"
    resolved "https://registry.yarnpkg.com/@types/screeps/-/screeps-3.1.3.tgz#e824dc6df3761aea43cd95ce4d10002fba14e57d"
    integrity sha512-FJZ07XMTk2oEr9GHMYI9RpmnXKXSkGjcTGqL6AgJ+NAwKkZIHVOgnjIMlI+TDrd+X1Xfrgdfekl2nRg+5lkKGQ==
